# JRE version: OpenJDK Runtime Environment (8.0_131-b11) (build 1.8.0_131-b11)
# Java VM: OpenJDK 64-Bit Server VM (25.131-b11 mixed mode bsd-amd64 compressed oops)
Heap:
 PSYoungGen      total 253440K, used 27979K [0x000000076ab00000, 0x000000077f000000, 0x00000007c0000000)
  eden space 232960K, 12% used [0x000000076ab00000,0x000000076c652c28,0x0000000778e80000)
  from space 20480K, 0% used [0x0000000778e80000,0x0000000778e80000,0x000000077a280000)
  to   space 23552K, 0% used [0x000000077d900000,0x000000077d900000,0x000000077f000000)
 ParOldGen       total 218112K, used 34643K [0x00000006c0000000, 0x00000006cd500000, 0x000000076ab00000)
  object space 218112K, 15% used [0x00000006c0000000,0x00000006c21d4c90,0x00000006cd500000)
 Metaspace       used 57814K, capacity 60104K, committed 60308K, reserved 1101824K
  class space    used 7451K, capacity 7862K, committed 7936K, reserved 1048576K
GC Heap History (10 events):
Event: 2.949 GC heap before
{Heap before GC invocations=8 (full 1):
 PSYoungGen      total 164864K, used 51995K [0x000000076ab00000, 0x0000000778d80000, 0x00000007c0000000)
  eden space 151552K, 25% used [0x000000076ab00000,0x000000076d0ca6e8,0x0000000773f00000)
  from space 13312K, 99% used [0x0000000774f00000,0x0000000775bfc620,0x0000000775c00000)
  to   space 16384K, 0% used [0x0000000773f00000,0x0000000773f00000,0x0000000774f00000)
 ParOldGen       total 102400K, used 11443K [0x00000006c0000000, 0x00000006c6400000, 0x000000076ab00000)
  object space 102400K, 11% used [0x00000006c0000000,0x00000006c0b2ce10,0x00000006c6400000)
 Metaspace       used 33963K, capacity 35330K, committed 35416K, reserved 1081344K
  class space    used 4301K, capacity 4559K, committed 4608K, reserved 1048576K
Event: 2.960 GC heap after
Heap after GC invocations=8 (full 1):
 PSYoungGen      total 167936K, used 14767K [0x000000076ab00000, 0x000000077b680000, 0x00000007c0000000)
  eden space 151552K, 0% used [0x000000076ab00000,0x000000076ab00000,0x0000000773f00000)
  from space 16384K, 90% used [0x0000000773f00000,0x0000000774d6bef8,0x0000000774f00000)
  to   space 17920K, 0% used [0x000000077a500000,0x000000077a500000,0x000000077b680000)
 ParOldGen       total 102400K, used 11451K [0x00000006c0000000, 0x00000006c6400000, 0x000000076ab00000)
  object space 102400K, 11% used [0x00000006c0000000,0x00000006c0b2ee10,0x00000006c6400000)
 Metaspace       used 33963K, capacity 35330K, committed 35416K, reserved 1081344K
  class space    used 4301K, capacity 4559K, committed 4608K, reserved 1048576K
}
Event: 2.960 GC heap before
{Heap before GC invocations=9 (full 2):
 PSYoungGen      total 167936K, used 14767K [0x000000076ab00000, 0x000000077b680000, 0x00000007c0000000)
  eden space 151552K, 0% used [0x000000076ab00000,0x000000076ab00000,0x0000000773f00000)
  from space 16384K, 90% used [0x0000000773f00000,0x0000000774d6bef8,0x0000000774f00000)
  to   space 17920K, 0% used [0x000000077a500000,0x000000077a500000,0x000000077b680000)
 ParOldGen       total 102400K, used 11451K [0x00000006c0000000, 0x00000006c6400000, 0x000000076ab00000)
  object space 102400K, 11% used [0x00000006c0000000,0x00000006c0b2ee10,0x00000006c6400000)
 Metaspace       used 33963K, capacity 35330K, committed 35416K, reserved 1081344K
  class space    used 4301K, capacity 4559K, committed 4608K, reserved 1048576K
Event: 3.014 GC heap after
Heap after GC invocations=9 (full 2):
 PSYoungGen      total 167936K, used 0K [0x000000076ab00000, 0x000000077b680000, 0x00000007c0000000)
  eden space 151552K, 0% used [0x000000076ab00000,0x000000076ab00000,0x0000000773f00000)
  from space 16384K, 0% used [0x0000000773f00000,0x0000000773f00000,0x0000000774f00000)
  to   space 17920K, 0% used [0x000000077a500000,0x000000077a500000,0x000000077b680000)
 ParOldGen       total 159232K, used 18681K [0x00000006c0000000, 0x00000006c9b80000, 0x000000076ab00000)
  object space 159232K, 11% used [0x00000006c0000000,0x00000006c123e4b0,0x00000006c9b80000)
 Metaspace       used 33963K, capacity 35330K, committed 35416K, reserved 1081344K
  class space    used 4301K, capacity 4559K, committed 4608K, reserved 1048576K
}
Event: 4.591 GC heap before
{Heap before GC invocations=10 (full 2):
 PSYoungGen      total 167936K, used 151552K [0x000000076ab00000, 0x000000077b680000, 0x00000007c0000000)
  eden space 151552K, 100% used [0x000000076ab00000,0x0000000773f00000,0x0000000773f00000)
  from space 16384K, 0% used [0x0000000773f00000,0x0000000773f00000,0x0000000774f00000)
  to   space 17920K, 0% used [0x000000077a500000,0x000000077a500000,0x000000077b680000)
 ParOldGen       total 159232K, used 18681K [0x00000006c0000000, 0x00000006c9b80000, 0x000000076ab00000)
  object space 159232K, 11% used [0x00000006c0000000,0x00000006c123e4b0,0x00000006c9b80000)
 Metaspace       used 48858K, capacity 50798K, committed 51072K, reserved 1093632K
  class space    used 6332K, capacity 6711K, committed 6784K, reserved 1048576K
Event: 4.608 GC heap after
Heap after GC invocations=10 (full 2):
 PSYoungGen      total 244736K, used 17649K [0x000000076ab00000, 0x000000077b680000, 0x00000007c0000000)
  eden space 226816K, 0% used [0x000000076ab00000,0x000000076ab00000,0x0000000778880000)
  from space 17920K, 98% used [0x000000077a500000,0x000000077b63c638,0x000000077b680000)
  to   space 20480K, 0% used [0x0000000778e80000,0x0000000778e80000,0x000000077a280000)
 ParOldGen       total 159232K, used 18697K [0x00000006c0000000, 0x00000006c9b80000, 0x000000076ab00000)
  object space 159232K, 11% used [0x00000006c0000000,0x00000006c12424c0,0x00000006c9b80000)
 Metaspace       used 48858K, capacity 50798K, committed 51072K, reserved 1093632K
  class space    used 6332K, capacity 6711K, committed 6784K, reserved 1048576K
}
Event: 28.064 GC heap before
{Heap before GC invocations=11 (full 2):
 PSYoungGen      total 244736K, used 201210K [0x000000076ab00000, 0x000000077b680000, 0x00000007c0000000)
  eden space 226816K, 80% used [0x000000076ab00000,0x0000000775e42598,0x0000000778880000)
  from space 17920K, 98% used [0x000000077a500000,0x000000077b63c638,0x000000077b680000)
  to   space 20480K, 0% used [0x0000000778e80000,0x0000000778e80000,0x000000077a280000)
 ParOldGen       total 159232K, used 18697K [0x00000006c0000000, 0x00000006c9b80000, 0x000000076ab00000)
  object space 159232K, 11% used [0x00000006c0000000,0x00000006c12424c0,0x00000006c9b80000)
 Metaspace       used 56688K, capacity 58914K, committed 59028K, reserved 1101824K
  class space    used 7248K, capacity 7637K, committed 7680K, reserved 1048576K
Event: 28.123 GC heap after
Heap after GC invocations=11 (full 2):
 PSYoungGen      total 253440K, used 20465K [0x000000076ab00000, 0x000000077f000000, 0x00000007c0000000)
  eden space 232960K, 0% used [0x000000076ab00000,0x000000076ab00000,0x0000000778e80000)
  from space 20480K, 99% used [0x0000000778e80000,0x000000077a27c630,0x000000077a280000)
  to   space 23552K, 0% used [0x000000077d900000,0x000000077d900000,0x000000077f000000)
 ParOldGen       total 159232K, used 20084K [0x00000006c0000000, 0x00000006c9b80000, 0x000000076ab00000)
  object space 159232K, 12% used [0x00000006c0000000,0x00000006c139d278,0x00000006c9b80000)
 Metaspace       used 56688K, capacity 58914K, committed 59028K, reserved 1101824K
  class space    used 7248K, capacity 7637K, committed 7680K, reserved 1048576K
}
Event: 28.123 GC heap before
{Heap before GC invocations=12 (full 3):
 PSYoungGen      total 253440K, used 20465K [0x000000076ab00000, 0x000000077f000000, 0x00000007c0000000)
  eden space 232960K, 0% used [0x000000076ab00000,0x000000076ab00000,0x0000000778e80000)
  from space 20480K, 99% used [0x0000000778e80000,0x000000077a27c630,0x000000077a280000)
  to   space 23552K, 0% used [0x000000077d900000,0x000000077d900000,0x000000077f000000)
 ParOldGen       total 159232K, used 20084K [0x00000006c0000000, 0x00000006c9b80000, 0x000000076ab00000)
  object space 159232K, 12% used [0x00000006c0000000,0x00000006c139d278,0x00000006c9b80000)
 Metaspace       used 56688K, capacity 58914K, committed 59028K, reserved 1101824K
  class space    used 7248K, capacity 7637K, committed 7680K, reserved 1048576K
Event: 28.380 GC heap after
Heap after GC invocations=12 (full 3):
 PSYoungGen      total 253440K, used 0K [0x000000076ab00000, 0x000000077f000000, 0x00000007c0000000)
  eden space 232960K, 0% used [0x000000076ab00000,0x000000076ab00000,0x0000000778e80000)
  from space 20480K, 0% used [0x0000000778e80000,0x0000000778e80000,0x000000077a280000)
  to   space 23552K, 0% used [0x000000077d900000,0x000000077d900000,0x000000077f000000)
 ParOldGen       total 218112K, used 34643K [0x00000006c0000000, 0x00000006cd500000, 0x000000076ab00000)
  object space 218112K, 15% used [0x00000006c0000000,0x00000006c21d4c90,0x00000006cd500000)
 Metaspace       used 56688K, capacity 58914K, committed 59028K, reserved 1101824K
  class space    used 7248K, capacity 7637K, committed 7680K, reserved 1048576K
}

